<?xml version="1.0" encoding="UTF-8"?>
<testng-results skipped="0" failed="0" total="3" passed="3">
  <reporter-output>
  </reporter-output>
  <suite name="Default suite" duration-ms="15415" started-at="2019-04-29T15:24:47Z" finished-at="2019-04-29T15:25:02Z">
    <groups>
    </groups>
    <test name="Default test" duration-ms="15415" started-at="2019-04-29T15:24:47Z" finished-at="2019-04-29T15:25:02Z">
      <class name="GetLicenseInforTest">
        <test-method status="PASS" signature="testGetLicenseInfor_AllValidParamters(java.lang.String, java.lang.String)[pri:0, instance:GetLicenseInforTest@146ba0ac]" name="testGetLicenseInfor_AllValidParamters" duration-ms="8617" started-at="2019-04-29T20:54:47Z" data-provider="getISBN" finished-at="2019-04-29T20:54:55Z">
          <params>
            <param index="0">
              <value>
                <![CDATA[9781575051949]]>
              </value>
            </param>
            <param index="1">
              <value>
                <![CDATA[70239]]>
              </value>
            </param>
          </params>
          <reporter-output>
          </reporter-output>
        </test-method> <!-- testGetLicenseInfor_AllValidParamters -->
        <test-method status="PASS" signature="testGetLicenseInfor_AllValidParamters(java.lang.String, java.lang.String)[pri:0, instance:GetLicenseInforTest@146ba0ac]" name="testGetLicenseInfor_AllValidParamters" duration-ms="5235" started-at="2019-04-29T20:54:55Z" data-provider="getISBN" finished-at="2019-04-29T20:55:00Z">
          <params>
            <param index="0">
              <value>
                <![CDATA[9781223089171]]>
              </value>
            </param>
            <param index="1">
              <value>
                <![CDATA[70239]]>
              </value>
            </param>
          </params>
          <reporter-output>
          </reporter-output>
        </test-method> <!-- testGetLicenseInfor_AllValidParamters -->
        <test-method status="PASS" signature="testGetLicenseInfor_AllValidParamters(java.lang.String, java.lang.String)[pri:0, instance:GetLicenseInforTest@146ba0ac]" name="testGetLicenseInfor_AllValidParamters" duration-ms="1515" started-at="2019-04-29T20:55:00Z" data-provider="getISBN" finished-at="2019-04-29T20:55:02Z">
          <params>
            <param index="0">
              <value>
                <![CDATA[9781554982035]]>
              </value>
            </param>
            <param index="1">
              <value>
                <![CDATA[70239]]>
              </value>
            </param>
          </params>
          <reporter-output>
          </reporter-output>
        </test-method> <!-- testGetLicenseInfor_AllValidParamters -->
      </class> <!-- GetLicenseInforTest -->
    </test> <!-- Default test -->
  </suite> <!-- Default suite -->
</testng-results>
