<?xml version="1.0" encoding="UTF-8"?>
<testng-results skipped="0" failed="0" total="1" passed="1">
  <reporter-output>
  </reporter-output>
  <suite name="Default suite" duration-ms="6132" started-at="2021-05-17T10:29:45Z" finished-at="2021-05-17T10:29:51Z">
    <groups>
    </groups>
    <test name="Default test" duration-ms="6132" started-at="2021-05-17T10:29:45Z" finished-at="2021-05-17T10:29:51Z">
      <class name="com.rest.practise.SearchAPI">
        <test-method status="PASS" signature="doSearch()[pri:0, instance:com.rest.practise.SearchAPI@204f30ec]" name="doSearch" duration-ms="6114" started-at="2021-05-17T15:59:45Z" finished-at="2021-05-17T15:59:51Z">
          <reporter-output>
          </reporter-output>
        </test-method> <!-- doSearch -->
      </class> <!-- com.rest.practise.SearchAPI -->
    </test> <!-- Default test -->
  </suite> <!-- Default suite -->
</testng-results>
